    1  ls
    2  touch a.txt
    3  ls
    4  rm a.txt 
    5  mkdir a
    6  ls
    7  rm -rf a
    8  clear
    9  ls
   10  logout
   11  
   12  wget www.github.com
   13  ls
   14  ls -
   15  ls -l
   16  pwd
   17  ls
   18  mkdir Repos
   19  cd repos
   20  cd Repos
   21  git init
   22  ls 
   23  ls -a
   24  touch sample.txt
   25  ls
   26  git status
   27  git add sample.txt
   28  git status
   29  git commit -m "Your mesage about the commit"
   30  exit
   31  passwd
   32  wget 
   33  wget https://s3.amazonaws.com/amaxon-reviews-pds/tsv/amazon_reviews_us_Books_V1_02.tsv.gz
   34  wget https://s3.amazonaws.com/amazon-reviews-pds/tsv/amazon_reviews_us_Books_V1_02.tsv.gz
   35  wget https://s3.amazonaws.com/amazon-reviews-pds/tsv/amazon_reviews_us_Books_v1_02.tsv.gz
   36  ls
   37  pwd
   38  cd cs131
   39  pwd
   40  mkdir cs131
   41  pwd
   42  tar zxvf  amazon_reviews_us-Books_v1_02.tsv.gz
   43  tar zxvf amazon_reviews_us-Books_v1_02.tsv.gz
   44  gzip
   45  unzip amazon_reviews_us_Books_v_02.tsv.gz
   46  unzip amazon_reviews_us_Books_v1_02.tsv.gz
   47  gzip -u amazon_reviews_us_Books_v1_02.tsv.gz
   48  unzip amazon_reviews_us_Books_v1_02.tsv.gz
   49  pwd
   50  ls
   51  gzip -u amazon_reviews_us_Books_v1_02.tsv.gz
   52  gzip -d amazon_reviews_us_Books_v1_02.tsv.gz
   53  ls
   54  view amazon_reviews_us_Books_v1_02.tsv
   55  grep verified amazon_reviews_us_Books_v1_02.tsv
   56  wc veried
   57  wc verified
   58  grep verified amazon_reviews_us_Books_v1_02.tsv | wc -l
   59  touch counts.txt
   60  ls
   61  grep verified amazon_reviews_us_Books_v1_02.tsv | wc
   62  grep -o verified amazon_reviews_us_Books_v1_02.tsv
   63  grep verified amazon_reviews_us_Books_v1_02.tsv | wc -l
   64  grep -o verified amazon_reviews_us_Books_v1_02.tsv | wc -w
   65  grep -o unverified amazon_reviews_us_Books_v1_02.tsv | wc -w
   66  grep -o unverified amazon_reviews_us_Books_v1_02.tsv | wc -l
   67  grep unverified amazon_reviews_us_Books_v1_02.tsv | wc -l
   68  echo "verified line conunt"
   69  echo "verified line conunt" >> counts.txt
   70  grep verified amazon_reviews_us_Books_v1_02.tsv | wc -l >> counts.txt
   71  more counts.txt
   72  echo "verified word conunt" >> counts.txt
   73  grep -o verified amazon_reviews_us_Books_v1_02.tsv | wc -w >> counts.txt
   74  more counts.txt
   75  echo "unverified line conunt" >> counts.txt
   76  more counts.txt
   77  grep unverified amazon_reviews_us_Books_v1_02.tsv | wc -l >> counts.txt
   78  more counts.txt
   79  echo "unverified word conunt" >> counts.txt
   80  grep -o unverified amazon_reviews_us_Books_v1_02.tsv | wc -w >> counts.txt
   81  history >> cmds.log
